#
# There is insufficient memory for the Java Runtime Environment to continue.
# Native memory allocation (malloc) failed to allocate 32744 bytes for ChunkPool::allocate
# Possible reasons:
#   The system is out of physical RAM or swap space
#   In 32 bit mode, the process size limit was hit
# Possible solutions:
#   Reduce memory load on the system
#   Increase physical memory or swap space
#   Check if swap backing store is full
#   Use 64 bit Java on a 64 bit OS
#   Decrease Java heap size (-Xmx/-Xms)
#   Decrease number of Java threads
#   Decrease Java thread stack sizes (-Xss)
#   Set larger code cache with -XX:ReservedCodeCacheSize=
# This output file may be truncated or incomplete.
#
#  Out of Memory Error (allocation.cpp:273), pid=11212, tid=14780
#
# JRE version: Java(TM) SE Runtime Environment (8.0_77-b03) (build 1.8.0_77-b03)
# Java VM: Java HotSpot(TM) 64-Bit Server VM (25.77-b03 mixed mode windows-amd64 compressed oops)
# Failed to write core dump. Minidumps are not enabled by default on client versions of Windows
#

---------------  T H R E A D  ---------------

Current thread (0x000000000f151000):  JavaThread "C2 CompilerThread2" daemon [_thread_in_native, id=14780, stack(0x000000000fac0000,0x000000000fbc0000)]

Stack: [0x000000000fac0000,0x000000000fbc0000]
[error occurred during error reporting (printing stack bounds), id 0xc0000005]

Native frames: (J=compiled Java code, j=interpreted, Vv=VM code, C=native code)


Current CompileTask:
C2:  20290 6825       4       org.apache.ivy.util.MessageLoggerEngine::verbose (11 bytes)


---------------  P R O C E S S  ---------------

Java Threads: ( => current thread )
  0x0000000016d71000 JavaThread "pool-4-thread-10" [_thread_blocked, id=14320, stack(0x000000001ad70000,0x000000001ae70000)]
  0x0000000016d73800 JavaThread "pool-4-thread-9" [_thread_in_Java, id=16280, stack(0x000000001ac70000,0x000000001ad70000)]
  0x0000000016d72800 JavaThread "pool-4-thread-8" [_thread_blocked, id=6700, stack(0x000000001ab70000,0x000000001ac70000)]
  0x000000001374e000 JavaThread "pool-4-thread-7" [_thread_blocked, id=12376, stack(0x000000001aa70000,0x000000001ab70000)]
  0x000000001374d000 JavaThread "pool-4-thread-6" [_thread_blocked, id=5856, stack(0x000000001a970000,0x000000001aa70000)]
  0x000000001374c800 JavaThread "pool-4-thread-5" [_thread_blocked, id=15316, stack(0x000000001a870000,0x000000001a970000)]
  0x000000001374f800 JavaThread "pool-4-thread-4" [_thread_blocked, id=14464, stack(0x000000001a770000,0x000000001a870000)]
  0x0000000013749800 JavaThread "pool-4-thread-3" [_thread_blocked, id=21864, stack(0x000000001a670000,0x000000001a770000)]
  0x000000001374b800 JavaThread "pool-4-thread-2" [_thread_blocked, id=22616, stack(0x000000001a570000,0x000000001a670000)]
  0x000000001374b000 JavaThread "pool-4-thread-1" [_thread_blocked, id=20976, stack(0x000000001a470000,0x000000001a570000)]
  0x000000000f1a0800 JavaThread "Service Thread" daemon [_thread_blocked, id=2204, stack(0x000000000fcc0000,0x000000000fdc0000)]
  0x000000000f18f000 JavaThread "C1 CompilerThread3" daemon [_thread_blocked, id=7848, stack(0x000000000fbc0000,0x000000000fcc0000)]
=>0x000000000f151000 JavaThread "C2 CompilerThread2" daemon [_thread_in_native, id=14780, stack(0x000000000fac0000,0x000000000fbc0000)]
  0x000000000f121800 JavaThread "C2 CompilerThread1" daemon [_thread_in_native, id=6064, stack(0x000000000f9c0000,0x000000000fac0000)]
  0x000000000f11f000 JavaThread "C2 CompilerThread0" daemon [_thread_in_native, id=17132, stack(0x000000000f8c0000,0x000000000f9c0000)]
  0x000000000f11c800 JavaThread "Attach Listener" daemon [_thread_blocked, id=8140, stack(0x000000000f7c0000,0x000000000f8c0000)]
  0x000000000f11b800 JavaThread "Signal Dispatcher" daemon [_thread_blocked, id=6216, stack(0x000000000f6c0000,0x000000000f7c0000)]
  0x000000000d1f2800 JavaThread "Finalizer" daemon [_thread_blocked, id=22148, stack(0x000000000f4d0000,0x000000000f5d0000)]
  0x000000000d1eb800 JavaThread "Reference Handler" daemon [_thread_blocked, id=192, stack(0x000000000efd0000,0x000000000f0d0000)]
  0x0000000001682800 JavaThread "main" [_thread_blocked, id=1616, stack(0x00000000014e0000,0x00000000015e0000)]

Other Threads:
  0x000000000d1e8800 VMThread [stack: 0x000000000eed0000,0x000000000efd0000] [id=10908]
  0x000000000f1c1000 WatcherThread [stack: 0x000000000fdc0000,0x000000000fec0000] [id=20708]

VM state:not at safepoint (normal execution)

VM Mutex/Monitor currently owned by a thread: None

Heap:
 PSYoungGen      total 162816K, used 150006K [0x00000000f5580000, 0x0000000100000000, 0x0000000100000000)
  eden space 151040K, 93% used [0x00000000f5580000,0x00000000fe014b98,0x00000000fe900000)
  from space 11776K, 68% used [0x00000000ff480000,0x00000000ffc68cb0,0x0000000100000000)
  to   space 11776K, 0% used [0x00000000fe900000,0x00000000fe900000,0x00000000ff480000)
 ParOldGen       total 90112K, used 12243K [0x00000000e0000000, 0x00000000e5800000, 0x00000000f5580000)
  object space 90112K, 13% used [0x00000000e0000000,0x00000000e0bf4da0,0x00000000e5800000)
 Metaspace       used 48116K, capacity 48508K, committed 48640K, reserved 1089536K
  class space    used 8861K, capacity 8955K, committed 8960K, reserved 1048576K

Card table byte_map: [0x0000000001980000,0x0000000001a90000] byte_map_base: 0x0000000001280000

Marking Bits: (ParMarkBitMap*) 0x0000000052a00600
 Begin Bits: [0x000000000b700000, 0x000000000bf00000)
 End Bits:   [0x000000000bf00000, 0x000000000c700000)

Polling page: 0x00000000013e0000

CodeCache: size=131072Kb used=17911Kb max_used=17931Kb free=113160Kb
 bounds [0x0000000003400000, 0x00000000045b0000, 0x000000000b400000]
 total_blobs=6191 nmethods=5730 adapters=370
 compilation: enabled

Compilation events (10 events):
Event: 19.595 Thread 0x000000000f121800 nmethod 6820 0x0000000004596450 code [0x00000000045966e0, 0x0000000004597f18]
Event: 19.595 Thread 0x000000000f121800 6821       4       sbt.ivyint.MergedDescriptors::getDependencyId (10 bytes)
Event: 19.597 Thread 0x000000000f121800 nmethod 6821 0x0000000004582e50 code [0x0000000004582fa0, 0x0000000004583058]
Event: 19.632 Thread 0x000000000f151000 nmethod 6817 0x000000000459e350 code [0x000000000459e6a0, 0x00000000045a14b8]
Event: 19.845 Thread 0x000000000f18f000 6822       1       org.apache.ivy.core.resolve.IvyNodeEviction$EvictionData::getSelected (5 bytes)
Event: 19.846 Thread 0x000000000f18f000 nmethod 6822 0x000000000457d6d0 code [0x000000000457d820, 0x000000000457d930]
Event: 20.131 Thread 0x000000000f121800 6823       4       org.apache.ivy.core.resolve.ResolveEngine::computeConflicts (297 bytes)
Event: 20.195 Thread 0x000000000f151000 6824       4       sbt.MultiLogger::log (22 bytes)
Event: 20.203 Thread 0x000000000f151000 nmethod 6824 0x00000000045875d0 code [0x0000000004587760, 0x0000000004587a58]
Event: 20.236 Thread 0x000000000f151000 6825       4       org.apache.ivy.util.MessageLoggerEngine::verbose (11 bytes)

GC Heap History (10 events):
Event: 16.407 GC heap before
{Heap before GC invocations=12 (full 2):
 PSYoungGen      total 138240K, used 78042K [0x00000000f5580000, 0x0000000100000000, 0x0000000100000000)
  eden space 127488K, 53% used [0x00000000f5580000,0x00000000f988d8a0,0x00000000fd200000)
  from space 10752K, 87% used [0x00000000fd200000,0x00000000fdb29090,0x00000000fdc80000)
  to   space 11264K, 0% used [0x00000000ff500000,0x00000000ff500000,0x0000000100000000)
 ParOldGen       total 90112K, used 9386K [0x00000000e0000000, 0x00000000e5800000, 0x00000000f5580000)
  object space 90112K, 10% used [0x00000000e0000000,0x00000000e092ab10,0x00000000e5800000)
 Metaspace       used 47133K, capacity 47464K, committed 47744K, reserved 1087488K
  class space    used 8683K, capacity 8755K, committed 8832K, reserved 1048576K
Event: 16.414 GC heap after
Heap after GC invocations=12 (full 2):
 PSYoungGen      total 163840K, used 7559K [0x00000000f5580000, 0x0000000100000000, 0x0000000100000000)
  eden space 152576K, 0% used [0x00000000f5580000,0x00000000f5580000,0x00000000fea80000)
  from space 11264K, 67% used [0x00000000ff500000,0x00000000ffc61d30,0x0000000100000000)
  to   space 10752K, 0% used [0x00000000fea80000,0x00000000fea80000,0x00000000ff500000)
 ParOldGen       total 90112K, used 9394K [0x00000000e0000000, 0x00000000e5800000, 0x00000000f5580000)
  object space 90112K, 10% used [0x00000000e0000000,0x00000000e092cb10,0x00000000e5800000)
 Metaspace       used 47133K, capacity 47464K, committed 47744K, reserved 1087488K
  class space    used 8683K, capacity 8755K, committed 8832K, reserved 1048576K
}
Event: 16.414 GC heap before
{Heap before GC invocations=13 (full 3):
 PSYoungGen      total 163840K, used 7559K [0x00000000f5580000, 0x0000000100000000, 0x0000000100000000)
  eden space 152576K, 0% used [0x00000000f5580000,0x00000000f5580000,0x00000000fea80000)
  from space 11264K, 67% used [0x00000000ff500000,0x00000000ffc61d30,0x0000000100000000)
  to   space 10752K, 0% used [0x00000000fea80000,0x00000000fea80000,0x00000000ff500000)
 ParOldGen       total 90112K, used 9394K [0x00000000e0000000, 0x00000000e5800000, 0x00000000f5580000)
  object space 90112K, 10% used [0x00000000e0000000,0x00000000e092cb10,0x00000000e5800000)
 Metaspace       used 47133K, capacity 47464K, committed 47744K, reserved 1087488K
  class space    used 8683K, capacity 8755K, committed 8832K, reserved 1048576K
Event: 16.572 GC heap after
Heap after GC invocations=13 (full 3):
 PSYoungGen      total 163840K, used 0K [0x00000000f5580000, 0x0000000100000000, 0x0000000100000000)
  eden space 152576K, 0% used [0x00000000f5580000,0x00000000f5580000,0x00000000fea80000)
  from space 11264K, 0% used [0x00000000ff500000,0x00000000ff500000,0x0000000100000000)
  to   space 10752K, 0% used [0x00000000fea80000,0x00000000fea80000,0x00000000ff500000)
 ParOldGen       total 90112K, used 13901K [0x00000000e0000000, 0x00000000e5800000, 0x00000000f5580000)
  object space 90112K, 15% used [0x00000000e0000000,0x00000000e0d93790,0x00000000e5800000)
 Metaspace       used 47133K, capacity 47464K, committed 47744K, reserved 1087488K
  class space    used 8683K, capacity 8755K, committed 8832K, reserved 1048576K
}
Event: 16.576 GC heap before
{Heap before GC invocations=14 (full 3):
 PSYoungGen      total 163840K, used 2171K [0x00000000f5580000, 0x0000000100000000, 0x0000000100000000)
  eden space 152576K, 1% used [0x00000000f5580000,0x00000000f579ef78,0x00000000fea80000)
  from space 11264K, 0% used [0x00000000ff500000,0x00000000ff500000,0x0000000100000000)
  to   space 10752K, 0% used [0x00000000fea80000,0x00000000fea80000,0x00000000ff500000)
 ParOldGen       total 90112K, used 13901K [0x00000000e0000000, 0x00000000e5800000, 0x00000000f5580000)
  object space 90112K, 15% used [0x00000000e0000000,0x00000000e0d93790,0x00000000e5800000)
 Metaspace       used 47135K, capacity 47464K, committed 47744K, reserved 1087488K
  class space    used 8684K, capacity 8755K, committed 8832K, reserved 1048576K
Event: 16.578 GC heap after
Heap after GC invocations=14 (full 3):
 PSYoungGen      total 153088K, used 96K [0x00000000f5580000, 0x0000000100000000, 0x0000000100000000)
  eden space 152576K, 0% used [0x00000000f5580000,0x00000000f5580000,0x00000000fea80000)
  from space 512K, 18% used [0x00000000fea80000,0x00000000fea98000,0x00000000feb00000)
  to   space 11776K, 0% used [0x00000000ff480000,0x00000000ff480000,0x0000000100000000)
 ParOldGen       total 90112K, used 13901K [0x00000000e0000000, 0x00000000e5800000, 0x00000000f5580000)
  object space 90112K, 15% used [0x00000000e0000000,0x00000000e0d93790,0x00000000e5800000)
 Metaspace       used 47135K, capacity 47464K, committed 47744K, reserved 1087488K
  class space    used 8684K, capacity 8755K, committed 8832K, reserved 1048576K
}
Event: 16.578 GC heap before
{Heap before GC invocations=15 (full 4):
 PSYoungGen      total 153088K, used 96K [0x00000000f5580000, 0x0000000100000000, 0x0000000100000000)
  eden space 152576K, 0% used [0x00000000f5580000,0x00000000f5580000,0x00000000fea80000)
  from space 512K, 18% used [0x00000000fea80000,0x00000000fea98000,0x00000000feb00000)
  to   space 11776K, 0% used [0x00000000ff480000,0x00000000ff480000,0x0000000100000000)
 ParOldGen       total 90112K, used 13901K [0x00000000e0000000, 0x00000000e5800000, 0x00000000f5580000)
  object space 90112K, 15% used [0x00000000e0000000,0x00000000e0d93790,0x00000000e5800000)
 Metaspace       used 47135K, capacity 47464K, committed 47744K, reserved 1087488K
  class space    used 8684K, capacity 8755K, committed 8832K, reserved 1048576K
Event: 16.725 GC heap after
Heap after GC invocations=15 (full 4):
 PSYoungGen      total 153088K, used 0K [0x00000000f5580000, 0x0000000100000000, 0x0000000100000000)
  eden space 152576K, 0% used [0x00000000f5580000,0x00000000f5580000,0x00000000fea80000)
  from space 512K, 0% used [0x00000000fea80000,0x00000000fea80000,0x00000000feb00000)
  to   space 11776K, 0% used [0x00000000ff480000,0x00000000ff480000,0x0000000100000000)
 ParOldGen       total 90112K, used 12235K [0x00000000e0000000, 0x00000000e5800000, 0x00000000f5580000)
  object space 90112K, 13% used [0x00000000e0000000,0x00000000e0bf2da0,0x00000000e5800000)
 Metaspace       used 47135K, capacity 47464K, committed 47744K, reserved 1087488K
  class space    used 8684K, capacity 8755K, committed 8832K, reserved 1048576K
}
Event: 18.973 GC heap before
{Heap before GC invocations=16 (full 4):
 PSYoungGen      total 153088K, used 152576K [0x00000000f5580000, 0x0000000100000000, 0x0000000100000000)
  eden space 152576K, 100% used [0x00000000f5580000,0x00000000fea80000,0x00000000fea80000)
  from space 512K, 0% used [0x00000000fea80000,0x00000000fea80000,0x00000000feb00000)
  to   space 11776K, 0% used [0x00000000ff480000,0x00000000ff480000,0x0000000100000000)
 ParOldGen       total 90112K, used 12235K [0x00000000e0000000, 0x00000000e5800000, 0x00000000f5580000)
  object space 90112K, 13% used [0x00000000e0000000,0x00000000e0bf2da0,0x00000000e5800000)
 Metaspace       used 48094K, capacity 48444K, committed 48640K, reserved 1089536K
  class space    used 8861K, capacity 8955K, committed 8960K, reserved 1048576K
Event: 18.983 GC heap after
Heap after GC invocations=16 (full 4):
 PSYoungGen      total 162816K, used 8099K [0x00000000f5580000, 0x0000000100000000, 0x0000000100000000)
  eden space 151040K, 0% used [0x00000000f5580000,0x00000000f5580000,0x00000000fe900000)
  from space 11776K, 68% used [0x00000000ff480000,0x00000000ffc68cb0,0x0000000100000000)
  to   space 11776K, 0% used [0x00000000fe900000,0x00000000fe900000,0x00000000ff480000)
 ParOldGen       total 90112K, used 12243K [0x00000000e0000000, 0x00000000e5800000, 0x00000000f5580000)
  object space 90112K, 13% used [0x00000000e0000000,0x00000000e0bf4da0,0x00000000e5800000)
 Metaspace       used 48094K, capacity 48444K, committed 48640K, reserved 1089536K
  class space    used 8861K, capacity 8955K, committed 8960K, reserved 1048576K
}

Deoptimization events (10 events):
Event: 17.608 Thread 0x0000000016d73800 Uncommon trap: reason=unstable_if action=reinterpret pc=0x000000000378082c method=org.apache.ivy.core.IvyPatternHelper.substituteVariables(Ljava/lang/String;Lorg/apache/ivy/core/settings/IvyVariableContainer;Ljava/util/Stack;)Ljava/lang/String; @ 24
Event: 17.618 Thread 0x0000000016d73800 Uncommon trap: reason=unstable_if action=reinterpret pc=0x00000000040761bc method=com.sun.org.apache.xerces.internal.impl.XMLEntityScanner.skipString(Ljava/lang/String;)Z @ 59
Event: 17.618 Thread 0x0000000016d73800 Uncommon trap: reason=unstable_if action=reinterpret pc=0x0000000003e0de9c method=com.sun.org.apache.xerces.internal.impl.XMLEntityScanner.scanQName(Lcom/sun/org/apache/xerces/internal/xni/QName;)Z @ 261
Event: 17.618 Thread 0x0000000016d73800 Uncommon trap: reason=bimorphic action=maybe_recompile pc=0x00000000040d64c8 method=com.sun.org.apache.xerces.internal.impl.XMLNSDocumentScannerImpl.scanStartElement()Z @ 947
Event: 17.618 Thread 0x0000000016d73800 Uncommon trap: reason=unstable_if action=reinterpret pc=0x000000000390dd28 method=com.sun.org.apache.xerces.internal.util.XMLAttributesImpl.getValue(Ljava/lang/String;)Ljava/lang/String; @ 22
Event: 17.619 Thread 0x0000000016d73800 Uncommon trap: reason=unstable_if action=reinterpret pc=0x0000000003576304 method=com.sun.org.apache.xerces.internal.util.XMLAttributesImpl.getValue(Ljava/lang/String;)Ljava/lang/String; @ 22
Event: 17.619 Thread 0x0000000016d73800 Uncommon trap: reason=bimorphic action=maybe_recompile pc=0x00000000040d64c8 method=com.sun.org.apache.xerces.internal.impl.XMLNSDocumentScannerImpl.scanStartElement()Z @ 947
Event: 17.621 Thread 0x0000000016d73800 Uncommon trap: reason=unstable_if action=reinterpret pc=0x0000000004039f90 method=org.apache.ivy.core.module.descriptor.DefaultDependencyDescriptor.getDependencyConfigurations(Ljava/lang/String;Ljava/lang/String;)[Ljava/lang/String; @ 575
Event: 17.645 Thread 0x0000000016d73800 Uncommon trap: reason=class_check action=maybe_recompile pc=0x000000000429d7a4 method=java.util.AbstractCollection.toString()Ljava/lang/String; @ 1
Event: 17.659 Thread 0x0000000016d73800 Uncommon trap: reason=unstable_if action=reinterpret pc=0x0000000003576718 method=org.apache.ivy.core.settings.IvySettings.debugConflictResolution()Z @ 4

Internal exceptions (10 events):
Event: 12.309 Thread 0x0000000012958800 Implicit null exception at 0x0000000004054620 to 0x0000000004054ddd
Event: 16.245 Thread 0x0000000016e5a800 Exception <a 'java/io/FileNotFoundException'> (0x00000000f8f50870) thrown at [D:\re\workspace\8-2-build-windows-amd64-cygwin\jdk8u77\6540\hotspot\src\share\vm\prims\jni.cpp, line 709]
Event: 16.329 Thread 0x0000000016e5a800 Implicit null exception at 0x0000000003f1bbbb to 0x0000000003f1c729
Event: 16.388 Thread 0x000000001372c000 Implicit null exception at 0x0000000004068491 to 0x0000000004068819
Event: 16.758 Thread 0x0000000001682800 Exception <a 'java/security/PrivilegedActionException'> (0x00000000f5660f70) thrown at [D:\re\workspace\8-2-build-windows-amd64-cygwin\jdk8u77\6540\hotspot\src\share\vm\prims\jvm.cpp, line 1386]
Event: 16.758 Thread 0x0000000001682800 Exception <a 'java/security/PrivilegedActionException'> (0x00000000f5661738) thrown at [D:\re\workspace\8-2-build-windows-amd64-cygwin\jdk8u77\6540\hotspot\src\share\vm\prims\jvm.cpp, line 1386]
Event: 17.363 Thread 0x000000001374f800 Exception <a 'java/io/IOException': CreateProcess error=2, The system cannot find the file specified> (0x00000000f72bb9c0) thrown at [D:\re\workspace\8-2-build-windows-amd64-cygwin\jdk8u77\6540\hotspot\src\share\vm\prims\jni.cpp, line 735]
Event: 17.602 Thread 0x0000000016d73800 Implicit null exception at 0x0000000003c3eebc to 0x0000000003c3f019
Event: 17.602 Thread 0x0000000016d73800 Implicit null exception at 0x00000000038dcc54 to 0x00000000038dcc95
Event: 17.659 Thread 0x0000000016d73800 Implicit null exception at 0x00000000035766f3 to 0x0000000003576704

Events (10 events):
Event: 17.711 Thread 0x000000000f18f000 flushing nmethod 0x00000000043bfe50
Event: 17.711 Thread 0x000000000f18f000 flushing nmethod 0x00000000043fe250
Event: 18.973 Executing VM operation: ParallelGCFailedAllocation
Event: 18.983 Executing VM operation: ParallelGCFailedAllocation done
Event: 18.984 Executing VM operation: BulkRevokeBias
Event: 18.984 Executing VM operation: BulkRevokeBias done
Event: 18.985 Executing VM operation: RevokeBias
Event: 18.985 Executing VM operation: RevokeBias done
Event: 19.222 Thread 0x0000000016d73800 DEOPT PACKING pc=0x0000000003b88d76 sp=0x000000001ad6a870
Event: 19.222 Thread 0x0000000016d73800 DEOPT UNPACKING pc=0x000000000344787f sp=0x000000001ad6a5f0 mode 0


Dynamic libraries:
0x00007ff73c8f0000 - 0x00007ff73c927000 	C:\Program Files\Java\jdk1.8.0_77\bin\java.exe
0x00007ffaf3a70000 - 0x00007ffaf3c4b000 	C:\WINDOWS\SYSTEM32\ntdll.dll
0x00007ffaf35e0000 - 0x00007ffaf368e000 	C:\WINDOWS\System32\KERNEL32.DLL
0x00007ffaf0610000 - 0x00007ffaf0859000 	C:\WINDOWS\System32\KERNELBASE.dll
0x00007ffaf3710000 - 0x00007ffaf37b1000 	C:\WINDOWS\System32\ADVAPI32.dll
0x00007ffaf1000000 - 0x00007ffaf109d000 	C:\WINDOWS\System32\msvcrt.dll
0x00007ffaf36b0000 - 0x00007ffaf3709000 	C:\WINDOWS\System32\sechost.dll
0x00007ffaf38e0000 - 0x00007ffaf3a05000 	C:\WINDOWS\System32\RPCRT4.dll
0x00007ffaf2f30000 - 0x00007ffaf307a000 	C:\WINDOWS\System32\USER32.dll
0x00007ffaf0090000 - 0x00007ffaf00ae000 	C:\WINDOWS\System32\win32u.dll
0x00007ffaf1a60000 - 0x00007ffaf1a87000 	C:\WINDOWS\System32\GDI32.dll
0x00007ffaf00b0000 - 0x00007ffaf0239000 	C:\WINDOWS\System32\gdi32full.dll
0x00007ffaefff0000 - 0x00007ffaf008a000 	C:\WINDOWS\System32\msvcp_win.dll
0x00007ffaf0240000 - 0x00007ffaf0336000 	C:\WINDOWS\System32\ucrtbase.dll
0x00007ffae2b90000 - 0x00007ffae2df7000 	C:\WINDOWS\WinSxS\amd64_microsoft.windows.common-controls_6595b64144ccf1df_6.0.15063.0_none_108e4f62dfe5d999\COMCTL32.dll
0x00007ffaf3260000 - 0x00007ffaf3559000 	C:\WINDOWS\System32\combase.dll
0x00007ffaf0860000 - 0x00007ffaf08ca000 	C:\WINDOWS\System32\bcryptPrimitives.dll
0x00007ffaf0fd0000 - 0x00007ffaf0ffd000 	C:\WINDOWS\System32\IMM32.DLL
0x0000000056210000 - 0x00000000562e2000 	C:\Program Files\Java\jdk1.8.0_77\jre\bin\msvcr100.dll
0x00000000521f0000 - 0x0000000052a80000 	C:\Program Files\Java\jdk1.8.0_77\jre\bin\server\jvm.dll
0x00007ffaf3190000 - 0x00007ffaf3198000 	C:\WINDOWS\System32\PSAPI.DLL
0x00007ffad6ba0000 - 0x00007ffad6ba9000 	C:\WINDOWS\SYSTEM32\WSOCK32.dll
0x00007ffaf3870000 - 0x00007ffaf38dc000 	C:\WINDOWS\System32\WS2_32.dll
0x00007ffaee110000 - 0x00007ffaee133000 	C:\WINDOWS\SYSTEM32\WINMM.dll
0x00007ffae85c0000 - 0x00007ffae85ca000 	C:\WINDOWS\SYSTEM32\VERSION.dll
0x00007ffaee0b0000 - 0x00007ffaee0db000 	C:\WINDOWS\SYSTEM32\WINMMBASE.dll
0x00007ffaf05c0000 - 0x00007ffaf0609000 	C:\WINDOWS\System32\cfgmgr32.dll
0x0000000056200000 - 0x000000005620f000 	C:\Program Files\Java\jdk1.8.0_77\jre\bin\verify.dll
0x00000000561d0000 - 0x00000000561f9000 	C:\Program Files\Java\jdk1.8.0_77\jre\bin\java.dll
0x00000000561b0000 - 0x00000000561c6000 	C:\Program Files\Java\jdk1.8.0_77\jre\bin\zip.dll
0x00007ffaf1a90000 - 0x00007ffaf2ec7000 	C:\WINDOWS\System32\SHELL32.dll
0x00007ffaf37c0000 - 0x00007ffaf386a000 	C:\WINDOWS\System32\shcore.dll
0x00007ffaf08d0000 - 0x00007ffaf0fc2000 	C:\WINDOWS\System32\windows.storage.dll
0x00007ffaf2ed0000 - 0x00007ffaf2f21000 	C:\WINDOWS\System32\shlwapi.dll
0x00007ffaeff20000 - 0x00007ffaeff31000 	C:\WINDOWS\System32\kernel.appcore.dll
0x00007ffaeff40000 - 0x00007ffaeff8c000 	C:\WINDOWS\System32\powrprof.dll
0x00007ffaeff00000 - 0x00007ffaeff15000 	C:\WINDOWS\System32\profapi.dll
0x0000000056190000 - 0x00000000561aa000 	C:\Program Files\Java\jdk1.8.0_77\jre\bin\net.dll
0x00007ffaef790000 - 0x00007ffaef7ec000 	C:\WINDOWS\system32\mswsock.dll
0x0000000056160000 - 0x0000000056171000 	C:\Program Files\Java\jdk1.8.0_77\jre\bin\nio.dll
0x00007ffaef930000 - 0x00007ffaef947000 	C:\WINDOWS\SYSTEM32\CRYPTSP.dll
0x00007ffaef3b0000 - 0x00007ffaef3e4000 	C:\WINDOWS\system32\rsaenh.dll
0x00007ffaefda0000 - 0x00007ffaefdc5000 	C:\WINDOWS\SYSTEM32\bcrypt.dll
0x00007ffaefe10000 - 0x00007ffaefe39000 	C:\WINDOWS\SYSTEM32\USERENV.dll
0x00007ffaefdd0000 - 0x00007ffaefddb000 	C:\WINDOWS\SYSTEM32\CRYPTBASE.dll
0x00007ffaef530000 - 0x00007ffaef567000 	C:\WINDOWS\SYSTEM32\IPHLPAPI.DLL
0x00007ffaf14a0000 - 0x00007ffaf14a8000 	C:\WINDOWS\System32\NSI.dll
0x00007ffae8570000 - 0x00007ffae8586000 	C:\WINDOWS\SYSTEM32\dhcpcsvc6.DLL
0x00007ffae8100000 - 0x00007ffae811a000 	C:\WINDOWS\SYSTEM32\dhcpcsvc.DLL
0x00007ffaecef0000 - 0x00007ffaecefa000 	C:\Users\tnkteja\AppData\Local\Temp\jansi-64-1-4256020647954674172.11
0x00007ffad2a40000 - 0x00007ffad2a56000 	C:\WINDOWS\system32\napinsp.dll
0x00007ffacf750000 - 0x00007ffacf76a000 	C:\WINDOWS\system32\pnrpnsp.dll
0x00007ffaecc70000 - 0x00007ffaecc88000 	C:\WINDOWS\system32\NLAapi.dll
0x00007ffaef570000 - 0x00007ffaef614000 	C:\WINDOWS\SYSTEM32\DNSAPI.dll
0x00007ffacf500000 - 0x00007ffacf50e000 	C:\WINDOWS\System32\winrnr.dll
0x00007ffaea980000 - 0x00007ffaea995000 	C:\WINDOWS\System32\wshbth.dll
0x00007ffae6980000 - 0x00007ffae698a000 	C:\Windows\System32\rasadhlp.dll
0x00007ffae6f60000 - 0x00007ffae6fcb000 	C:\WINDOWS\System32\fwpuclnt.dll

VM Arguments:
jvm_args: -Xmx512M -XX:MaxPermSize=256m -XX:ReservedCodeCacheSize=128m -Dsbt.log.format=true 
java_command: xsbt.boot.Boot run
java_class_path (initial): C:\Program Files (x86)\sbt\bin\sbt-launch.jar
Launcher Type: SUN_STANDARD

Environment Variables:
JAVA_HOME=C:\Program Files\Java\jdk1.8.0_77
PATH=C:\Program Files\Java\jdk1.8.0_77\bin;C:\Python27\;C:\Python27\Scripts;C:\Program Files\Tcl\bin;C:\ProgramData\Oracle\Java\javapath;C:\Program Files (x86)\AMD APP\bin\x86_64;C:\Program Files (x86)\AMD APP\bin\x86;C:\WINDOWS\system32;C:\WINDOWS;C:\WINDOWS\System32\Wbem;C:\WINDOWS\System32\WindowsPowerShell\v1.0\;C:\Program Files (x86)\ATI Technologies\ATI.ACE\Core-Static;C:\HashiCorp\Vagrant\bin;C:\Users\tnkteja\AppData\Local\Android\sdk\platform-tools;C:\Ch\bin;C:\Program Files (x86)\GNU\GnuPG\pub;C:\Program Files\OpenVPN\bin;C:\Program Files\Microsoft SQL Server\Client SDK\ODBC\110\Tools\Binn\;C:\Program Files (x86)\Microsoft SQL Server\120\Tools\Binn\;C:\Program Files\Microsoft SQL Server\120\Tools\Binn\;C:\Program Files\Microsoft SQL Server\120\DTS\Binn\;C:\Program Files\PostgreSQL\9.5\bin;C:\Program Files\CloudFoundry;C:\Program Files\nodejs\;C:\Program Files (x86)\Windows Kits\8.1\Windows Performance Toolkit\;C:\Go\bin;C:\Program Files (x86)\Skype\Phone\;C:\Users\tnkteja\AppData\Roaming\npm\;C:\Program Files (x86)\scala\bin;C:\Program Files (x86)\sbt\bin;C:\Python34\Scripts\;C:\Python34\;C:\Program Files\PostgreSQL\9.5\bin;C:\Users\tnkteja\AppData\Local\Android\sdk\platform-tools;C:\Program Files\Docker Toolbox;C:\Users\tnkteja\AppData\Local\Microsoft\WindowsApps;C:\Users\tnkteja\AppData\Local\atom\bin;C:\Program Files\Git\bin;C:\Users\tnkteja\AppData\Roaming\npm\;C:\Program Files\Heroku\bin
USERNAME=tnkteja
OS=Windows_NT
PROCESSOR_IDENTIFIER=Intel64 Family 6 Model 58 Stepping 9, GenuineIntel



---------------  S Y S T E M  ---------------

OS: Windows 10.0 , 64 bit Build 15063 (10.0.15063.0)

CPU:total 8 (4 cores per cpu, 2 threads per core) family 6 model 58 stepping 9, cmov, cx8, fxsr, mmx, sse, sse2, sse3, ssse3, sse4.1, sse4.2, popcnt, avx, aes, clmul, erms, ht, tsc, tscinvbit, tscinv

Memory: 4k page, physical 8334620k(1355332k free), swap 15462024k(3688k free)

vm_info: Java HotSpot(TM) 64-Bit Server VM (25.77-b03) for windows-amd64 JRE (1.8.0_77-b03), built on Mar 20 2016 22:01:33 by "java_re" with MS VC++ 10.0 (VS2010)

time: Fri May 05 23:54:24 2017
elapsed time: 20 seconds (0d 0h 0m 20s)

