#
# There is insufficient memory for the Java Runtime Environment to continue.
# Native memory allocation (malloc) failed to allocate 1325856 bytes for Chunk::new
# Possible reasons:
#   The system is out of physical RAM or swap space
#   In 32 bit mode, the process size limit was hit
# Possible solutions:
#   Reduce memory load on the system
#   Increase physical memory or swap space
#   Check if swap backing store is full
#   Use 64 bit Java on a 64 bit OS
#   Decrease Java heap size (-Xmx/-Xms)
#   Decrease number of Java threads
#   Decrease Java thread stack sizes (-Xss)
#   Set larger code cache with -XX:ReservedCodeCacheSize=
# This output file may be truncated or incomplete.
#
#  Out of Memory Error (allocation.cpp:390), pid=3148, tid=15284
#
# JRE version: Java(TM) SE Runtime Environment (8.0_77-b03) (build 1.8.0_77-b03)
# Java VM: Java HotSpot(TM) 64-Bit Server VM (25.77-b03 mixed mode windows-amd64 compressed oops)
# Failed to write core dump. Minidumps are not enabled by default on client versions of Windows
#

---------------  T H R E A D  ---------------

Current thread (0x00000000173e0000):  JavaThread "C2 CompilerThread2" daemon [_thread_in_native, id=15284, stack(0x0000000017da0000,0x0000000017ea0000)]

Stack: [0x0000000017da0000,0x0000000017ea0000]
[error occurred during error reporting (printing stack bounds), id 0xc0000005]

Native frames: (J=compiled Java code, j=interpreted, Vv=VM code, C=native code)


Current CompileTask:
C2:  17490 8955       4       scala.reflect.internal.Types$class::isSameType2 (1281 bytes)


---------------  P R O C E S S  ---------------

Java Threads: ( => current thread )
  0x0000000017474800 JavaThread "Service Thread" daemon [_thread_blocked, id=1508, stack(0x0000000017fa0000,0x00000000180a0000)]
  0x00000000173e7800 JavaThread "C1 CompilerThread3" daemon [_thread_blocked, id=21748, stack(0x0000000017ea0000,0x0000000017fa0000)]
=>0x00000000173e0000 JavaThread "C2 CompilerThread2" daemon [_thread_in_native, id=15284, stack(0x0000000017da0000,0x0000000017ea0000)]
  0x00000000173dd800 JavaThread "C2 CompilerThread1" daemon [_thread_in_vm, id=14392, stack(0x0000000017ca0000,0x0000000017da0000)]
  0x00000000173d9800 JavaThread "C2 CompilerThread0" daemon [_thread_in_native, id=14824, stack(0x0000000017ba0000,0x0000000017ca0000)]
  0x00000000173d7000 JavaThread "Attach Listener" daemon [_thread_blocked, id=13216, stack(0x0000000017aa0000,0x0000000017ba0000)]
  0x00000000173d6000 JavaThread "Signal Dispatcher" daemon [_thread_blocked, id=12088, stack(0x00000000179a0000,0x0000000017aa0000)]
  0x0000000001eb9800 JavaThread "Finalizer" daemon [_thread_blocked, id=1704, stack(0x00000000177b0000,0x00000000178b0000)]
  0x0000000001eb6000 JavaThread "Reference Handler" daemon [_thread_blocked, id=8684, stack(0x00000000172b0000,0x00000000173b0000)]
  0x0000000001dc2800 JavaThread "main" [_thread_in_vm, id=12608, stack(0x0000000001cb0000,0x0000000001db0000)]

Other Threads:
  0x00000000154b9000 VMThread [stack: 0x00000000171b0000,0x00000000172b0000] [id=21880]
  0x0000000017495000 WatcherThread [stack: 0x00000000180a0000,0x00000000181a0000] [id=7952]

VM state:not at safepoint (normal execution)

VM Mutex/Monitor currently owned by a thread: None

Heap:
 PSYoungGen      total 147456K, used 27322K [0x00000000f0000000, 0x00000000fe480000, 0x0000000100000000)
  eden space 136192K, 11% used [0x00000000f0000000,0x00000000f0fb6058,0x00000000f8500000)
  from space 11264K, 99% used [0x00000000f8500000,0x00000000f8ff8aa0,0x00000000f9000000)
  to   space 29184K, 0% used [0x00000000fc800000,0x00000000fc800000,0x00000000fe480000)
 ParOldGen       total 88064K, used 56969K [0x00000000d0000000, 0x00000000d5600000, 0x00000000f0000000)
  object space 88064K, 64% used [0x00000000d0000000,0x00000000d37a2448,0x00000000d5600000)
 Metaspace       used 54717K, capacity 55260K, committed 55680K, reserved 1093632K
  class space    used 10324K, capacity 10507K, committed 10624K, reserved 1048576K

Card table byte_map: [0x00000000127c0000,0x0000000012950000] byte_map_base: 0x0000000012140000

Marking Bits: (ParMarkBitMap*) 0x0000000052a00600
 Begin Bits: [0x0000000013150000, 0x0000000013d50000)
 End Bits:   [0x0000000013d50000, 0x0000000014950000)

Polling page: 0x0000000001730000

CodeCache: size=245760Kb used=26962Kb max_used=26992Kb free=218797Kb
 bounds [0x0000000003400000, 0x0000000004e80000, 0x0000000012400000]
 total_blobs=8411 nmethods=7943 adapters=376
 compilation: enabled

Compilation events (10 events):
Event: 17.466 Thread 0x00000000173d9800 8980       4       scala.reflect.internal.Types$SubstSymMap::apply (189 bytes)
Event: 17.472 Thread 0x00000000173e7800 9069       1       scala.reflect.internal.Types$TypeRef::parentsPeriod (5 bytes)
Event: 17.472 Thread 0x00000000173e7800 nmethod 9069 0x0000000004e62150 code [0x0000000004e622a0, 0x0000000004e623b0]
Event: 17.472 Thread 0x00000000173e7800 9070       1       scala.reflect.internal.Types$TypeRef::parentsCache (5 bytes)
Event: 17.472 Thread 0x00000000173e7800 nmethod 9070 0x0000000004e61e90 code [0x0000000004e61fe0, 0x0000000004e620f0]
Event: 17.474 Thread 0x00000000173e7800 9071       3       scala.math.Numeric$IntIsIntegral$::lt (7 bytes)
Event: 17.475 Thread 0x00000000173e7800 nmethod 9071 0x0000000004e61110 code [0x0000000004e612c0, 0x0000000004e61b10]
Event: 17.475 Thread 0x00000000173e7800 9072       3       scala.math.Ordering$class::lt (18 bytes)
Event: 17.476 Thread 0x00000000173e7800 nmethod 9072 0x0000000004e60c90 code [0x0000000004e60e00, 0x0000000004e61048]
Event: 17.481 Thread 0x00000000173dd800 nmethod 8834 0x0000000004e6c050 code [0x0000000004e6c600, 0x0000000004e712e0]

GC Heap History (10 events):
Event: 9.755 GC heap before
{Heap before GC invocations=17 (full 4):
 PSYoungGen      total 120320K, used 96K [0x00000000f0000000, 0x00000000f8180000, 0x0000000100000000)
  eden space 110080K, 0% used [0x00000000f0000000,0x00000000f0000000,0x00000000f6b80000)
  from space 10240K, 0% used [0x00000000f6b80000,0x00000000f6b98000,0x00000000f7580000)
  to   space 11264K, 0% used [0x00000000f7680000,0x00000000f7680000,0x00000000f8180000)
 ParOldGen       total 88064K, used 13690K [0x00000000d0000000, 0x00000000d5600000, 0x00000000f0000000)
  object space 88064K, 15% used [0x00000000d0000000,0x00000000d0d5e900,0x00000000d5600000)
 Metaspace       used 47144K, capacity 47400K, committed 47744K, reserved 1087488K
  class space    used 8672K, capacity 8755K, committed 8832K, reserved 1048576K
Event: 9.892 GC heap after
Heap after GC invocations=17 (full 4):
 PSYoungGen      total 120320K, used 0K [0x00000000f0000000, 0x00000000f8180000, 0x0000000100000000)
  eden space 110080K, 0% used [0x00000000f0000000,0x00000000f0000000,0x00000000f6b80000)
  from space 10240K, 0% used [0x00000000f6b80000,0x00000000f6b80000,0x00000000f7580000)
  to   space 11264K, 0% used [0x00000000f7680000,0x00000000f7680000,0x00000000f8180000)
 ParOldGen       total 88064K, used 12178K [0x00000000d0000000, 0x00000000d5600000, 0x00000000f0000000)
  object space 88064K, 13% used [0x00000000d0000000,0x00000000d0be4ad8,0x00000000d5600000)
 Metaspace       used 47144K, capacity 47400K, committed 47744K, reserved 1087488K
  class space    used 8672K, capacity 8755K, committed 8832K, reserved 1048576K
}
Event: 11.079 GC heap before
{Heap before GC invocations=18 (full 4):
 PSYoungGen      total 120320K, used 110080K [0x00000000f0000000, 0x00000000f8180000, 0x0000000100000000)
  eden space 110080K, 100% used [0x00000000f0000000,0x00000000f6b80000,0x00000000f6b80000)
  from space 10240K, 0% used [0x00000000f6b80000,0x00000000f6b80000,0x00000000f7580000)
  to   space 11264K, 0% used [0x00000000f7680000,0x00000000f7680000,0x00000000f8180000)
 ParOldGen       total 88064K, used 12178K [0x00000000d0000000, 0x00000000d5600000, 0x00000000f0000000)
  object space 88064K, 13% used [0x00000000d0000000,0x00000000d0be4ad8,0x00000000d5600000)
 Metaspace       used 47988K, capacity 48380K, committed 48640K, reserved 1089536K
  class space    used 8852K, capacity 8955K, committed 8960K, reserved 1048576K
Event: 11.088 GC heap after
Heap after GC invocations=18 (full 4):
 PSYoungGen      total 121856K, used 6675K [0x00000000f0000000, 0x00000000f9a00000, 0x0000000100000000)
  eden space 110592K, 0% used [0x00000000f0000000,0x00000000f0000000,0x00000000f6c00000)
  from space 11264K, 59% used [0x00000000f7680000,0x00000000f7d04cd0,0x00000000f8180000)
  to   space 10752K, 0% used [0x00000000f6c00000,0x00000000f6c00000,0x00000000f7680000)
 ParOldGen       total 88064K, used 12186K [0x00000000d0000000, 0x00000000d5600000, 0x00000000f0000000)
  object space 88064K, 13% used [0x00000000d0000000,0x00000000d0be6ad8,0x00000000d5600000)
 Metaspace       used 47988K, capacity 48380K, committed 48640K, reserved 1089536K
  class space    used 8852K, capacity 8955K, committed 8960K, reserved 1048576K
}
Event: 12.348 GC heap before
{Heap before GC invocations=19 (full 4):
 PSYoungGen      total 121856K, used 117267K [0x00000000f0000000, 0x00000000f9a00000, 0x0000000100000000)
  eden space 110592K, 100% used [0x00000000f0000000,0x00000000f6c00000,0x00000000f6c00000)
  from space 11264K, 59% used [0x00000000f7680000,0x00000000f7d04cd0,0x00000000f8180000)
  to   space 10752K, 0% used [0x00000000f6c00000,0x00000000f6c00000,0x00000000f7680000)
 ParOldGen       total 88064K, used 12186K [0x00000000d0000000, 0x00000000d5600000, 0x00000000f0000000)
  object space 88064K, 13% used [0x00000000d0000000,0x00000000d0be6ad8,0x00000000d5600000)
 Metaspace       used 48117K, capacity 48508K, committed 48640K, reserved 1089536K
  class space    used 8852K, capacity 8955K, committed 8960K, reserved 1048576K
Event: 12.360 GC heap after
Heap after GC invocations=19 (full 4):
 PSYoungGen      total 121344K, used 8711K [0x00000000f0000000, 0x00000000f9b00000, 0x0000000100000000)
  eden space 110592K, 0% used [0x00000000f0000000,0x00000000f0000000,0x00000000f6c00000)
  from space 10752K, 81% used [0x00000000f6c00000,0x00000000f7481fd0,0x00000000f7680000)
  to   space 11264K, 0% used [0x00000000f9000000,0x00000000f9000000,0x00000000f9b00000)
 ParOldGen       total 88064K, used 12194K [0x00000000d0000000, 0x00000000d5600000, 0x00000000f0000000)
  object space 88064K, 13% used [0x00000000d0000000,0x00000000d0be8ad8,0x00000000d5600000)
 Metaspace       used 48117K, capacity 48508K, committed 48640K, reserved 1089536K
  class space    used 8852K, capacity 8955K, committed 8960K, reserved 1048576K
}
Event: 13.344 GC heap before
{Heap before GC invocations=20 (full 4):
 PSYoungGen      total 121344K, used 119303K [0x00000000f0000000, 0x00000000f9b00000, 0x0000000100000000)
  eden space 110592K, 100% used [0x00000000f0000000,0x00000000f6c00000,0x00000000f6c00000)
  from space 10752K, 81% used [0x00000000f6c00000,0x00000000f7481fd0,0x00000000f7680000)
  to   space 11264K, 0% used [0x00000000f9000000,0x00000000f9000000,0x00000000f9b00000)
 ParOldGen       total 88064K, used 12194K [0x00000000d0000000, 0x00000000d5600000, 0x00000000f0000000)
  object space 88064K, 13% used [0x00000000d0000000,0x00000000d0be8ad8,0x00000000d5600000)
 Metaspace       used 48223K, capacity 48636K, committed 48896K, reserved 1089536K
  class space    used 8853K, capacity 8955K, committed 8960K, reserved 1048576K
Event: 13.369 GC heap after
Heap after GC invocations=20 (full 4):
 PSYoungGen      total 147456K, used 5191K [0x00000000f0000000, 0x00000000f9f80000, 0x0000000100000000)
  eden space 136192K, 0% used [0x00000000f0000000,0x00000000f0000000,0x00000000f8500000)
  from space 11264K, 46% used [0x00000000f9000000,0x00000000f9511fd0,0x00000000f9b00000)
  to   space 11264K, 0% used [0x00000000f8500000,0x00000000f8500000,0x00000000f9000000)
 ParOldGen       total 88064K, used 12194K [0x00000000d0000000, 0x00000000d5600000, 0x00000000f0000000)
  object space 88064K, 13% used [0x00000000d0000000,0x00000000d0be8ad8,0x00000000d5600000)
 Metaspace       used 48223K, capacity 48636K, committed 48896K, reserved 1089536K
  class space    used 8853K, capacity 8955K, committed 8960K, reserved 1048576K
}
Event: 16.464 GC heap before
{Heap before GC invocations=21 (full 4):
 PSYoungGen      total 147456K, used 141383K [0x00000000f0000000, 0x00000000f9f80000, 0x0000000100000000)
  eden space 136192K, 100% used [0x00000000f0000000,0x00000000f8500000,0x00000000f8500000)
  from space 11264K, 46% used [0x00000000f9000000,0x00000000f9511fd0,0x00000000f9b00000)
  to   space 11264K, 0% used [0x00000000f8500000,0x00000000f8500000,0x00000000f9000000)
 ParOldGen       total 88064K, used 12194K [0x00000000d0000000, 0x00000000d5600000, 0x00000000f0000000)
  object space 88064K, 13% used [0x00000000d0000000,0x00000000d0be8ad8,0x00000000d5600000)
 Metaspace       used 52861K, capacity 53340K, committed 53632K, reserved 1093632K
  class space    used 9830K, capacity 9995K, committed 10112K, reserved 1048576K
Event: 16.528 GC heap after
Heap after GC invocations=21 (full 4):
 PSYoungGen      total 147456K, used 11234K [0x00000000f0000000, 0x00000000fe480000, 0x0000000100000000)
  eden space 136192K, 0% used [0x00000000f0000000,0x00000000f0000000,0x00000000f8500000)
  from space 11264K, 99% used [0x00000000f8500000,0x00000000f8ff8aa0,0x00000000f9000000)
  to   space 29184K, 0% used [0x00000000fc800000,0x00000000fc800000,0x00000000fe480000)
 ParOldGen       total 88064K, used 56969K [0x00000000d0000000, 0x00000000d5600000, 0x00000000f0000000)
  object space 88064K, 64% used [0x00000000d0000000,0x00000000d37a2448,0x00000000d5600000)
 Metaspace       used 52861K, capacity 53340K, committed 53632K, reserved 1093632K
  class space    used 9830K, capacity 9995K, committed 10112K, reserved 1048576K
}

Deoptimization events (10 events):
Event: 16.949 Thread 0x0000000001dc2800 Uncommon trap: reason=bimorphic action=maybe_recompile pc=0x0000000003cdd93c method=java.util.regex.Pattern$Slice.match(Ljava/util/regex/Matcher;ILjava/lang/CharSequence;)Z @ 75
Event: 17.038 Thread 0x0000000001dc2800 Uncommon trap: reason=unstable_if action=reinterpret pc=0x00000000047c28c4 method=scala.reflect.internal.Types$Type.findDecl(Lscala/reflect/internal/Names$Name;I)Lscala/reflect/internal/Symbols$Symbol; @ 68
Event: 17.066 Thread 0x0000000001dc2800 Uncommon trap: reason=bimorphic action=maybe_recompile pc=0x0000000004d539c8 method=scala.reflect.internal.Types$SubstMap.apply(Lscala/reflect/internal/Types$Type;)Lscala/reflect/internal/Types$Type; @ 57
Event: 17.066 Thread 0x0000000001dc2800 Uncommon trap: reason=bimorphic action=maybe_recompile pc=0x0000000004d539c8 method=scala.reflect.internal.Types$SubstMap.apply(Lscala/reflect/internal/Types$Type;)Lscala/reflect/internal/Types$Type; @ 57
Event: 17.066 Thread 0x0000000001dc2800 Uncommon trap: reason=bimorphic action=maybe_recompile pc=0x0000000004d539c8 method=scala.reflect.internal.Types$SubstMap.apply(Lscala/reflect/internal/Types$Type;)Lscala/reflect/internal/Types$Type; @ 57
Event: 17.227 Thread 0x0000000001dc2800 Uncommon trap: reason=bimorphic action=maybe_recompile pc=0x0000000004db48c0 method=scala.reflect.internal.Types$class.isRaw(Lscala/reflect/internal/SymbolTable;Lscala/reflect/internal/Symbols$Symbol;Lscala/collection/immutable/List;)Z @ 4
Event: 17.227 Thread 0x0000000001dc2800 Uncommon trap: reason=bimorphic action=maybe_recompile pc=0x0000000004db48c0 method=scala.reflect.internal.Types$class.isRaw(Lscala/reflect/internal/SymbolTable;Lscala/reflect/internal/Symbols$Symbol;Lscala/collection/immutable/List;)Z @ 4
Event: 17.227 Thread 0x0000000001dc2800 Uncommon trap: reason=bimorphic action=maybe_recompile pc=0x0000000004db48c0 method=scala.reflect.internal.Types$class.isRaw(Lscala/reflect/internal/SymbolTable;Lscala/reflect/internal/Symbols$Symbol;Lscala/collection/immutable/List;)Z @ 4
Event: 17.228 Thread 0x0000000001dc2800 Uncommon trap: reason=bimorphic action=maybe_recompile pc=0x0000000004db48c0 method=scala.reflect.internal.Types$class.isRaw(Lscala/reflect/internal/SymbolTable;Lscala/reflect/internal/Symbols$Symbol;Lscala/collection/immutable/List;)Z @ 4
Event: 17.228 Thread 0x0000000001dc2800 Uncommon trap: reason=bimorphic action=maybe_recompile pc=0x0000000004db48c0 method=scala.reflect.internal.Types$class.isRaw(Lscala/reflect/internal/SymbolTable;Lscala/reflect/internal/Symbols$Symbol;Lscala/collection/immutable/List;)Z @ 4

Internal exceptions (10 events):
Event: 10.508 Thread 0x000000001ea48000 Implicit null exception at 0x00000000042f2e7c to 0x00000000042f2fd5
Event: 10.545 Thread 0x000000001ea48000 Implicit null exception at 0x00000000042a6fb3 to 0x00000000042a6fc4
Event: 13.377 Thread 0x000000001ea4c800 Exception <a 'java/io/FileNotFoundException'> (0x00000000f0007440) thrown at [D:\re\workspace\8-2-build-windows-amd64-cygwin\jdk8u77\6540\hotspot\src\share\vm\prims\jni.cpp, line 709]
Event: 13.445 Thread 0x0000000001dc2800 Exception <a 'java/security/PrivilegedActionException'> (0x00000000f0143bf8) thrown at [D:\re\workspace\8-2-build-windows-amd64-cygwin\jdk8u77\6540\hotspot\src\share\vm\prims\jvm.cpp, line 1386]
Event: 13.445 Thread 0x0000000001dc2800 Exception <a 'java/security/PrivilegedActionException'> (0x00000000f01441d8) thrown at [D:\re\workspace\8-2-build-windows-amd64-cygwin\jdk8u77\6540\hotspot\src\share\vm\prims\jvm.cpp, line 1386]
Event: 13.480 Thread 0x0000000001dc2800 Exception <a 'java/security/PrivilegedActionException'> (0x00000000f06de498) thrown at [D:\re\workspace\8-2-build-windows-amd64-cygwin\jdk8u77\6540\hotspot\src\share\vm\prims\jvm.cpp, line 1386]
Event: 13.480 Thread 0x0000000001dc2800 Exception <a 'java/security/PrivilegedActionException'> (0x00000000f06dec60) thrown at [D:\re\workspace\8-2-build-windows-amd64-cygwin\jdk8u77\6540\hotspot\src\share\vm\prims\jvm.cpp, line 1386]
Event: 13.635 Thread 0x0000000001dc2800 Exception <a 'java/lang/ArrayIndexOutOfBoundsException': 22> (0x00000000f11c86d0) thrown at [D:\re\workspace\8-2-build-windows-amd64-cygwin\jdk8u77\6540\hotspot\src\share\vm\interpreter\interpreterRuntime.cpp, line 366]
Event: 14.031 Thread 0x0000000001dc2800 Implicit null exception at 0x000000000469133d to 0x0000000004691cdd
Event: 14.033 Thread 0x0000000001dc2800 Implicit null exception at 0x000000000468d9e9 to 0x000000000468e015

Events (10 events):
Event: 17.227 Thread 0x0000000001dc2800 DEOPT PACKING pc=0x0000000004db48c0 sp=0x0000000001da1940
Event: 17.227 Thread 0x0000000001dc2800 DEOPT UNPACKING pc=0x000000000344582a sp=0x0000000001da1538 mode 2
Event: 17.228 Thread 0x0000000001dc2800 Uncommon trap: trap_request=0xffffffc6 fr.pc=0x0000000004db48c0
Event: 17.228 Thread 0x0000000001dc2800 DEOPT PACKING pc=0x0000000004db48c0 sp=0x0000000001da13e0
Event: 17.228 Thread 0x0000000001dc2800 DEOPT UNPACKING pc=0x000000000344582a sp=0x0000000001da0fe8 mode 2
Event: 17.228 Thread 0x0000000001dc2800 Uncommon trap: trap_request=0xffffffc6 fr.pc=0x0000000004db48c0
Event: 17.228 Thread 0x0000000001dc2800 DEOPT PACKING pc=0x0000000004db48c0 sp=0x0000000001da1d60
Event: 17.228 Thread 0x0000000001dc2800 DEOPT UNPACKING pc=0x000000000344582a sp=0x0000000001da1958 mode 2
Event: 17.355 Executing VM operation: ForceSafepoint
Event: 17.355 Executing VM operation: ForceSafepoint done


Dynamic libraries:
0x00007ff73c8f0000 - 0x00007ff73c927000 	C:\Program Files\Java\jdk1.8.0_77\bin\java.exe
0x00007ffaf3a70000 - 0x00007ffaf3c4b000 	C:\WINDOWS\SYSTEM32\ntdll.dll
0x00007ffaf35e0000 - 0x00007ffaf368e000 	C:\WINDOWS\System32\KERNEL32.DLL
0x00007ffaf0610000 - 0x00007ffaf0859000 	C:\WINDOWS\System32\KERNELBASE.dll
0x00007ffaf3710000 - 0x00007ffaf37b1000 	C:\WINDOWS\System32\ADVAPI32.dll
0x00007ffaf1000000 - 0x00007ffaf109d000 	C:\WINDOWS\System32\msvcrt.dll
0x00007ffaf36b0000 - 0x00007ffaf3709000 	C:\WINDOWS\System32\sechost.dll
0x00007ffaf38e0000 - 0x00007ffaf3a05000 	C:\WINDOWS\System32\RPCRT4.dll
0x00007ffaf2f30000 - 0x00007ffaf307a000 	C:\WINDOWS\System32\USER32.dll
0x00007ffaf0090000 - 0x00007ffaf00ae000 	C:\WINDOWS\System32\win32u.dll
0x00007ffaf1a60000 - 0x00007ffaf1a87000 	C:\WINDOWS\System32\GDI32.dll
0x00007ffaf00b0000 - 0x00007ffaf0239000 	C:\WINDOWS\System32\gdi32full.dll
0x00007ffaefff0000 - 0x00007ffaf008a000 	C:\WINDOWS\System32\msvcp_win.dll
0x00007ffaf0240000 - 0x00007ffaf0336000 	C:\WINDOWS\System32\ucrtbase.dll
0x00007ffae2b90000 - 0x00007ffae2df7000 	C:\WINDOWS\WinSxS\amd64_microsoft.windows.common-controls_6595b64144ccf1df_6.0.15063.0_none_108e4f62dfe5d999\COMCTL32.dll
0x00007ffaf3260000 - 0x00007ffaf3559000 	C:\WINDOWS\System32\combase.dll
0x00007ffaf0860000 - 0x00007ffaf08ca000 	C:\WINDOWS\System32\bcryptPrimitives.dll
0x00007ffaf0fd0000 - 0x00007ffaf0ffd000 	C:\WINDOWS\System32\IMM32.DLL
0x0000000056210000 - 0x00000000562e2000 	C:\Program Files\Java\jdk1.8.0_77\jre\bin\msvcr100.dll
0x00000000521f0000 - 0x0000000052a80000 	C:\Program Files\Java\jdk1.8.0_77\jre\bin\server\jvm.dll
0x00007ffaf3190000 - 0x00007ffaf3198000 	C:\WINDOWS\System32\PSAPI.DLL
0x00007ffad6ba0000 - 0x00007ffad6ba9000 	C:\WINDOWS\SYSTEM32\WSOCK32.dll
0x00007ffaee110000 - 0x00007ffaee133000 	C:\WINDOWS\SYSTEM32\WINMM.dll
0x00007ffae85c0000 - 0x00007ffae85ca000 	C:\WINDOWS\SYSTEM32\VERSION.dll
0x00007ffaf3870000 - 0x00007ffaf38dc000 	C:\WINDOWS\System32\WS2_32.dll
0x00007ffaee0b0000 - 0x00007ffaee0db000 	C:\WINDOWS\SYSTEM32\WINMMBASE.dll
0x00007ffaf05c0000 - 0x00007ffaf0609000 	C:\WINDOWS\System32\cfgmgr32.dll
0x0000000056200000 - 0x000000005620f000 	C:\Program Files\Java\jdk1.8.0_77\jre\bin\verify.dll
0x00000000561d0000 - 0x00000000561f9000 	C:\Program Files\Java\jdk1.8.0_77\jre\bin\java.dll
0x00000000561b0000 - 0x00000000561c6000 	C:\Program Files\Java\jdk1.8.0_77\jre\bin\zip.dll
0x00007ffaf1a90000 - 0x00007ffaf2ec7000 	C:\WINDOWS\System32\SHELL32.dll
0x00007ffaf37c0000 - 0x00007ffaf386a000 	C:\WINDOWS\System32\shcore.dll
0x00007ffaf08d0000 - 0x00007ffaf0fc2000 	C:\WINDOWS\System32\windows.storage.dll
0x00007ffaf2ed0000 - 0x00007ffaf2f21000 	C:\WINDOWS\System32\shlwapi.dll
0x00007ffaeff20000 - 0x00007ffaeff31000 	C:\WINDOWS\System32\kernel.appcore.dll
0x00007ffaeff40000 - 0x00007ffaeff8c000 	C:\WINDOWS\System32\powrprof.dll
0x00007ffaeff00000 - 0x00007ffaeff15000 	C:\WINDOWS\System32\profapi.dll
0x0000000056190000 - 0x00000000561aa000 	C:\Program Files\Java\jdk1.8.0_77\jre\bin\net.dll
0x00007ffaef790000 - 0x00007ffaef7ec000 	C:\WINDOWS\system32\mswsock.dll
0x0000000056160000 - 0x0000000056171000 	C:\Program Files\Java\jdk1.8.0_77\jre\bin\nio.dll
0x00007ffaef930000 - 0x00007ffaef947000 	C:\WINDOWS\SYSTEM32\CRYPTSP.dll
0x00007ffaef3b0000 - 0x00007ffaef3e4000 	C:\WINDOWS\system32\rsaenh.dll
0x00007ffaefda0000 - 0x00007ffaefdc5000 	C:\WINDOWS\SYSTEM32\bcrypt.dll
0x00007ffaefe10000 - 0x00007ffaefe39000 	C:\WINDOWS\SYSTEM32\USERENV.dll
0x00007ffaefdd0000 - 0x00007ffaefddb000 	C:\WINDOWS\SYSTEM32\CRYPTBASE.dll
0x00007ffaef530000 - 0x00007ffaef567000 	C:\WINDOWS\SYSTEM32\IPHLPAPI.DLL
0x00007ffaf14a0000 - 0x00007ffaf14a8000 	C:\WINDOWS\System32\NSI.dll
0x00007ffae8570000 - 0x00007ffae8586000 	C:\WINDOWS\SYSTEM32\dhcpcsvc6.DLL
0x00007ffae8100000 - 0x00007ffae811a000 	C:\WINDOWS\SYSTEM32\dhcpcsvc.DLL
0x00007ffac9650000 - 0x00007ffac965a000 	C:\Users\tnkteja\AppData\Local\Temp\jansi-64-1-6173045815395139929.11
0x00007ffad2a40000 - 0x00007ffad2a56000 	C:\WINDOWS\system32\napinsp.dll
0x00007ffacf750000 - 0x00007ffacf76a000 	C:\WINDOWS\system32\pnrpnsp.dll
0x00007ffaecc70000 - 0x00007ffaecc88000 	C:\WINDOWS\system32\NLAapi.dll
0x00007ffaef570000 - 0x00007ffaef614000 	C:\WINDOWS\SYSTEM32\DNSAPI.dll
0x00007ffacf500000 - 0x00007ffacf50e000 	C:\WINDOWS\System32\winrnr.dll
0x00007ffaea980000 - 0x00007ffaea995000 	C:\WINDOWS\System32\wshbth.dll
0x00007ffae6980000 - 0x00007ffae698a000 	C:\Windows\System32\rasadhlp.dll
0x00007ffae6f60000 - 0x00007ffae6fcb000 	C:\WINDOWS\System32\fwpuclnt.dll

VM Arguments:
jvm_args: -Djline.terminal=jline.UnsupportedTerminal -Dsbt.log.noformat=true -Dfile.encoding=UTF-8 -Xmx768M -XX:MaxPermSize=384M 
java_command: C:/Users/tnkteja/.IdeaIC2017.1/config/plugins/Scala/launcher/sbt-launch.jar
java_class_path (initial): C:/Users/tnkteja/.IdeaIC2017.1/config/plugins/Scala/launcher/sbt-launch.jar
Launcher Type: SUN_STANDARD

Environment Variables:
JAVA_HOME=C:\Program Files\Java\jdk1.8.0_77
PATH=C:\Python27\;C:\Python27\Scripts;C:\Program Files\Tcl\bin;C:\ProgramData\Oracle\Java\javapath;C:\Program Files (x86)\AMD APP\bin\x86_64;C:\Program Files (x86)\AMD APP\bin\x86;C:\WINDOWS\system32;C:\WINDOWS;C:\WINDOWS\System32\Wbem;C:\WINDOWS\System32\WindowsPowerShell\v1.0\;C:\Program Files (x86)\ATI Technologies\ATI.ACE\Core-Static;C:\HashiCorp\Vagrant\bin;C:\Users\tnkteja\AppData\Local\Android\sdk\platform-tools;C:\Ch\bin;C:\Program Files (x86)\GNU\GnuPG\pub;C:\Program Files\OpenVPN\bin;C:\Program Files\Microsoft SQL Server\Client SDK\ODBC\110\Tools\Binn\;C:\Program Files (x86)\Microsoft SQL Server\120\Tools\Binn\;C:\Program Files\Microsoft SQL Server\120\Tools\Binn\;C:\Program Files\Microsoft SQL Server\120\DTS\Binn\;C:\Program Files\PostgreSQL\9.5\bin;C:\Program Files\CloudFoundry;C:\Program Files\nodejs\;C:\Program Files (x86)\Windows Kits\8.1\Windows Performance Toolkit\;C:\Go\bin;C:\Program Files (x86)\Skype\Phone\;C:\Users\tnkteja\AppData\Roaming\npm\;C:\Program Files (x86)\scala\bin;C:\Program Files (x86)\sbt\bin;C:\Python34\Scripts\;C:\Python34\;C:\Program Files\PostgreSQL\9.5\bin;C:\Users\tnkteja\AppData\Local\Android\sdk\platform-tools;C:\Program Files\Docker Toolbox;C:\Users\tnkteja\AppData\Local\Microsoft\WindowsApps;C:\Users\tnkteja\AppData\Local\atom\bin;C:\Program Files\Git\bin;C:\Users\tnkteja\AppData\Roaming\npm\;C:\Program Files\Heroku\bin
USERNAME=tnkteja
OS=Windows_NT
PROCESSOR_IDENTIFIER=Intel64 Family 6 Model 58 Stepping 9, GenuineIntel



---------------  S Y S T E M  ---------------

OS: Windows 10.0 , 64 bit Build 15063 (10.0.15063.0)

CPU:total 8 (4 cores per cpu, 2 threads per core) family 6 model 58 stepping 9, cmov, cx8, fxsr, mmx, sse, sse2, sse3, ssse3, sse4.1, sse4.2, popcnt, avx, aes, clmul, erms, ht, tsc, tscinvbit, tscinv

Memory: 4k page, physical 8334620k(600516k free), swap 15734632k(9740k free)

vm_info: Java HotSpot(TM) 64-Bit Server VM (25.77-b03) for windows-amd64 JRE (1.8.0_77-b03), built on Mar 20 2016 22:01:33 by "java_re" with MS VC++ 10.0 (VS2010)

time: Sat May 06 11:26:07 2017
elapsed time: 17 seconds (0d 0h 0m 17s)

